TN:
SF:script/SkeetGateway.sol
FN:10,SkeetGatewayScript.setUp
FNDA:0,SkeetGatewayScript.setUp
FN:12,SkeetGatewayScript.run
FNDA:0,SkeetGatewayScript.run
DA:13,0
DA:15,0
DA:17,0
FNF:2
FNH:0
LF:3
LH:0
BRF:0
BRH:0
end_of_record
TN:
SF:src/BBS.sol
FN:8,BBS.postMessage
FNDA:1,BBS.postMessage
DA:9,1
FNF:1
FNH:1
LF:1
LH:1
BRF:0
BRH:0
end_of_record
TN:
SF:src/CBORDecoder.sol
FN:54,CBORDecoder.isNullNext
FNDA:0,CBORDecoder.isNullNext
DA:55,0
FN:62,CBORDecoder.readBool
FNDA:0,CBORDecoder.readBool
DA:63,0
DA:64,0
DA:66,0
DA:67,0
BRDA:67,0,0,-
BRDA:67,0,1,-
DA:68,0
BRDA:68,1,0,-
BRDA:68,1,1,-
DA:70,0
FN:77,CBORDecoder.readFixedArray
FNDA:0,CBORDecoder.readFixedArray
DA:78,0
DA:79,0
DA:81,0
DA:82,0
BRDA:82,2,0,-
BRDA:82,2,1,-
DA:84,0
FN:91,CBORDecoder.readString
FNDA:0,CBORDecoder.readString
DA:92,0
DA:93,0
DA:95,0
DA:96,0
BRDA:96,3,0,-
BRDA:96,3,1,-
DA:98,0
DA:99,0
DA:100,0
DA:101,0
DA:102,0
DA:103,0
DA:106,0
FN:113,CBORDecoder.readBytes
FNDA:0,CBORDecoder.readBytes
DA:114,0
DA:115,0
DA:117,0
DA:118,0
BRDA:118,4,0,-
BRDA:118,4,1,-
DA:120,0
BRDA:120,5,0,-
DA:121,0
DA:122,0
BRDA:122,6,0,-
BRDA:122,6,1,-
DA:125,0
DA:126,0
DA:127,0
DA:128,0
DA:129,0
DA:130,0
DA:133,0
FN:140,CBORDecoder.readBytes32
FNDA:0,CBORDecoder.readBytes32
DA:141,0
DA:142,0
DA:144,0
DA:145,0
BRDA:145,7,0,-
BRDA:145,7,1,-
DA:147,0
DA:148,0
DA:149,0
DA:150,0
DA:151,0
DA:152,0
DA:155,0
FN:162,CBORDecoder.readUInt256
FNDA:0,CBORDecoder.readUInt256
DA:163,0
DA:164,0
DA:166,0
DA:167,0
BRDA:167,8,0,-
BRDA:167,8,1,-
DA:169,0
BRDA:169,9,0,-
DA:170,0
BRDA:170,10,0,-
BRDA:170,10,1,-
DA:172,0
DA:173,0
DA:174,0
BRDA:174,11,0,-
BRDA:174,11,1,-
DA:176,0
BRDA:176,12,0,-
BRDA:176,12,1,-
DA:178,0
DA:181,0
DA:184,0
FN:191,CBORDecoder.readInt256
FNDA:0,CBORDecoder.readInt256
DA:192,0
DA:193,0
DA:195,0
DA:196,0
BRDA:196,13,0,-
BRDA:196,13,1,-
DA:198,0
BRDA:198,14,0,-
DA:199,0
BRDA:199,15,0,-
BRDA:199,15,1,-
DA:201,0
DA:202,0
DA:203,0
BRDA:203,16,0,-
BRDA:203,16,1,-
DA:205,0
BRDA:205,17,0,-
BRDA:205,17,1,-
DA:207,0
DA:210,0
DA:213,0
FN:220,CBORDecoder.readUInt64
FNDA:0,CBORDecoder.readUInt64
DA:221,0
DA:222,0
DA:224,0
DA:225,0
BRDA:225,18,0,-
BRDA:225,18,1,-
DA:227,0
FN:234,CBORDecoder.readUInt32
FNDA:0,CBORDecoder.readUInt32
DA:235,0
DA:236,0
DA:238,0
DA:239,0
BRDA:239,19,0,-
BRDA:239,19,1,-
DA:241,0
FN:248,CBORDecoder.readUInt16
FNDA:0,CBORDecoder.readUInt16
DA:249,0
DA:250,0
DA:252,0
DA:253,0
BRDA:253,20,0,-
BRDA:253,20,1,-
DA:255,0
FN:262,CBORDecoder.readUInt8
FNDA:0,CBORDecoder.readUInt8
DA:263,0
DA:264,0
DA:266,0
DA:267,0
BRDA:267,21,0,-
BRDA:267,21,1,-
DA:269,0
FN:276,CBORDecoder.readInt64
FNDA:0,CBORDecoder.readInt64
DA:277,0
DA:278,0
DA:280,0
DA:281,0
BRDA:281,22,0,-
BRDA:281,22,1,-
DA:283,0
FN:290,CBORDecoder.readInt32
FNDA:0,CBORDecoder.readInt32
DA:291,0
DA:292,0
DA:294,0
DA:295,0
BRDA:295,23,0,-
BRDA:295,23,1,-
DA:297,0
FN:304,CBORDecoder.readInt16
FNDA:0,CBORDecoder.readInt16
DA:305,0
DA:306,0
DA:308,0
DA:309,0
BRDA:309,24,0,-
BRDA:309,24,1,-
DA:311,0
FN:318,CBORDecoder.readInt8
FNDA:0,CBORDecoder.readInt8
DA:319,0
DA:320,0
DA:322,0
DA:323,0
BRDA:323,25,0,-
BRDA:323,25,1,-
DA:325,0
FN:332,CBORDecoder.sliceUInt8
FNDA:0,CBORDecoder.sliceUInt8
DA:333,0
BRDA:333,26,0,-
BRDA:333,26,1,-
DA:334,0
FN:341,CBORDecoder.sliceUInt16
FNDA:0,CBORDecoder.sliceUInt16
DA:342,0
BRDA:342,27,0,-
BRDA:342,27,1,-
DA:343,0
DA:345,0
DA:347,0
FN:354,CBORDecoder.sliceUInt32
FNDA:0,CBORDecoder.sliceUInt32
DA:355,0
BRDA:355,28,0,-
BRDA:355,28,1,-
DA:356,0
DA:358,0
DA:360,0
FN:367,CBORDecoder.sliceUInt64
FNDA:0,CBORDecoder.sliceUInt64
DA:368,0
BRDA:368,29,0,-
BRDA:368,29,1,-
DA:369,0
DA:371,0
DA:373,0
FN:380,CBORDecoder.parseCborHeader
FNDA:0,CBORDecoder.parseCborHeader
DA:381,0
DA:382,0
DA:383,0
DA:384,0
DA:386,0
BRDA:386,30,0,-
BRDA:386,30,1,-
DA:389,0
BRDA:389,31,0,-
DA:390,0
DA:394,0
BRDA:394,32,0,-
DA:395,0
DA:396,0
DA:397,0
BRDA:397,33,0,-
BRDA:397,33,1,-
DA:398,0
DA:402,0
BRDA:402,34,0,-
DA:403,0
DA:404,0
DA:405,0
DA:409,0
BRDA:409,35,0,-
DA:410,0
DA:411,0
DA:412,0
DA:416,0
BRDA:416,36,0,-
BRDA:416,36,1,-
DA:417,0
DA:418,0
DA:419,0
FNF:21
FNH:0
LF:152
LH:0
BRF:67
BRH:0
end_of_record
TN:
SF:src/SignerSafe.sol
FN:8,SignerSafe.
FNDA:1,SignerSafe.
DA:9,1
FN:12,SignerSafe.executeOwnerCall
FNDA:1,SignerSafe.executeOwnerCall
DA:13,1
BRDA:13,0,0,-
BRDA:13,0,1,1
DA:14,1
FN:19,SignerSafe.executeCall
FNDA:1,SignerSafe.executeCall
DA:21,1
FNF:3
FNH:3
LF:4
LH:4
BRF:2
BRH:1
end_of_record
TN:
SF:src/SkeetGateway.sol
FN:18,SkeetGateway._substring
FNDA:3,SkeetGateway._substring
DA:23,3
DA:24,3
DA:25,3
DA:26,117
DA:29,3
FN:32,SkeetGateway.hexCharToByte
FNDA:40,SkeetGateway.hexCharToByte
DA:33,40
DA:34,40
BRDA:34,0,0,28
BRDA:34,0,1,-
DA:35,28
DA:36,12
BRDA:36,1,0,5
BRDA:36,1,1,-
DA:37,5
DA:38,7
BRDA:38,2,0,7
DA:39,7
DA:41,0
FN:44,SkeetGateway._stringToAddress
FNDA:1,SkeetGateway._stringToAddress
DA:45,1
DA:46,1
BRDA:46,3,0,-
BRDA:46,3,1,1
DA:47,1
DA:48,1
DA:49,20
DA:51,1
FN:54,SkeetGateway._parsePayload
FNDA:1,SkeetGateway._parsePayload
DA:57,1
DA:58,1
DA:59,1
DA:60,1
DA:61,1
DA:62,1
DA:63,1
FN:66,SkeetGateway.predictSafeAddress
FNDA:1,SkeetGateway.predictSafeAddress
DA:67,1
DA:68,1
DA:69,1
DA:70,1
FN:73,SkeetGateway.predictSafeAddressFromSig
FNDA:1,SkeetGateway.predictSafeAddressFromSig
DA:78,1
DA:79,1
DA:80,1
DA:81,1
DA:82,1
FN:85,SkeetGateway.predictSignerAddressFromSig
FNDA:2,SkeetGateway.predictSignerAddressFromSig
DA:90,3
FN:93,SkeetGateway.assertCommitNodeContainsData
FNDA:2,SkeetGateway.assertCommitNodeContainsData
DA:94,3
BRDA:94,4,0,-
BRDA:94,4,1,3
DA:95,3
DA:97,3
DA:98,3
DA:99,3
DA:101,3
BRDA:101,5,0,-
BRDA:101,5,1,3
DA:102,3
DA:103,3
DA:104,3
DA:106,3
BRDA:106,6,0,-
BRDA:106,6,1,3
DA:107,3
DA:109,3
BRDA:109,7,0,-
BRDA:109,7,1,3
DA:110,3
DA:111,3
BRDA:111,8,0,-
BRDA:111,8,1,3
DA:112,3
DA:113,3
BRDA:113,9,0,1
BRDA:113,9,1,2
DA:114,2
DA:116,2
BRDA:116,10,0,-
BRDA:116,10,1,2
DA:117,2
DA:119,2
BRDA:119,11,0,2
BRDA:119,11,1,-
DA:120,2
DA:122,0
BRDA:122,12,0,-
BRDA:122,12,1,-
DA:123,0
DA:125,0
DA:126,0
DA:129,2
BRDA:129,13,0,-
BRDA:129,13,1,2
FN:132,SkeetGateway.merkleProvenRootHash
FNDA:1,SkeetGateway.merkleProvenRootHash
DA:137,2
DA:139,2
DA:140,10
DA:142,10
DA:143,10
DA:145,10
BRDA:145,14,0,-
BRDA:145,14,1,10
DA:146,10
DA:149,10
DA:151,10
BRDA:151,15,0,-
BRDA:151,15,1,10
DA:154,10
BRDA:154,16,0,6
DA:155,6
DA:158,10
DA:162,42
BRDA:162,17,0,2
BRDA:162,17,1,40
DA:163,2
BRDA:163,18,0,-
BRDA:163,18,1,2
DA:164,2
DA:166,2
DA:167,2
DA:168,2
DA:171,2
DA:172,2
DA:173,2
DA:176,2
DA:177,2
DA:178,2
DA:183,2
BRDA:183,19,0,2
BRDA:183,19,1,-
DA:184,2
DA:186,0
DA:187,0
DA:190,40
BRDA:190,20,0,-
BRDA:190,20,1,40
DA:191,40
DA:194,40
DA:195,40
DA:197,40
BRDA:197,21,0,-
BRDA:197,21,1,40
DA:198,40
DA:202,40
DA:205,42
BRDA:205,22,0,-
BRDA:205,22,1,42
DA:206,42
DA:208,42
BRDA:208,23,0,6
BRDA:208,23,1,4
DA:210,6
BRDA:210,24,0,-
BRDA:210,24,1,6
DA:211,6
DA:213,36
BRDA:213,25,0,-
BRDA:213,25,1,36
DA:214,36
DA:216,36
BRDA:216,26,0,-
BRDA:216,26,1,36
DA:217,36
DA:220,36
BRDA:220,27,0,4
DA:221,4
DA:222,4
BRDA:222,28,0,-
BRDA:222,28,1,4
DA:223,4
DA:224,4
DA:227,32
DA:231,38
BRDA:231,29,0,-
BRDA:231,29,1,38
DA:232,38
DA:233,38
BRDA:233,30,0,-
BRDA:233,30,1,38
DA:234,38
DA:235,38
BRDA:235,31,0,-
BRDA:235,31,1,38
DA:236,38
DA:239,38
BRDA:239,32,0,2
DA:241,2
DA:242,2
BRDA:242,33,0,-
BRDA:242,33,1,2
DA:243,2
DA:245,38
DA:249,10
BRDA:249,34,0,4
DA:250,4
BRDA:250,35,0,-
BRDA:250,35,1,4
DA:251,4
DA:253,4
BRDA:253,36,0,-
BRDA:253,36,1,4
DA:255,0
BRDA:255,37,0,-
BRDA:255,37,1,-
DA:256,0
DA:258,4
BRDA:258,38,0,-
BRDA:258,38,1,4
DA:259,4
DA:261,4
BRDA:261,39,0,-
BRDA:261,39,1,4
DA:262,4
DA:265,4
DA:266,4
BRDA:266,40,0,-
BRDA:266,40,1,4
DA:267,4
DA:272,2
FN:276,SkeetGateway.handleSkeet
FNDA:1,SkeetGateway.handleSkeet
DA:286,1
DA:287,1
DA:289,1
DA:293,1
DA:294,1
DA:296,1
FN:300,SkeetGateway.executePayload
FNDA:1,SkeetGateway.executePayload
DA:301,1
BRDA:301,41,0,-
BRDA:301,41,1,1
DA:302,1
BRDA:302,42,0,1
DA:303,1
DA:304,1
DA:305,1
BRDA:305,43,0,-
BRDA:305,43,1,1
DA:306,1
DA:309,1
DA:311,1
DA:312,1
FNF:11
FNH:11
LF:152
LH:143
BRF:82
BRH:45
end_of_record
